# JRE version: Java(TM) SE Runtime Environment (17.0.10+11) (build 17.0.10+11-LTS-240)
# Java VM: Java HotSpot(TM) 64-Bit Server VM (17.0.10+11-LTS-240, mixed mode, sharing, tiered, compressed oops, compressed class ptrs, g1 gc, windows-amd64)
GC Precious Log:
 CPUs: 4 total, 4 available
 Memory: 12169M
 Large Page Support: Disabled
 NUMA Support: Disabled
 Compressed Oops: Enabled (32-bit)
 Heap Region Size: 1M
 Heap Min Capacity: 8M
 Heap Initial Capacity: 192M
 Heap Max Capacity: 2G
 Pre-touch: Disabled
 Parallel Workers: 4
 Concurrent Workers: 1
 Concurrent Refinement Workers: 4
 Periodic GC: Disabled
Heap:
 garbage-first heap   total 318464K, used 247091K [0x0000000080000000, 0x0000000100000000)
  region size 1024K, 37 young (37888K), 5 survivors (5120K)
 Metaspace       used 167216K, committed 168320K, reserved 1245184K
  class space    used 21484K, committed 22016K, reserved 1048576K
GC Heap History (20 events):
Event: 97.107 GC heap before
{Heap before GC invocations=86 (full 0):
 garbage-first heap   total 249856K, used 213676K [0x0000000080000000, 0x0000000100000000)
  region size 1024K, 22 young (22528K), 3 survivors (3072K)
 Metaspace       used 162767K, committed 163840K, reserved 1245184K
  class space    used 21074K, committed 21568K, reserved 1048576K
}
Event: 97.119 GC heap after
{Heap after GC invocations=87 (full 0):
 garbage-first heap   total 249856K, used 200450K [0x0000000080000000, 0x0000000100000000)
  region size 1024K, 3 young (3072K), 3 survivors (3072K)
 Metaspace       used 162767K, committed 163840K, reserved 1245184K
  class space    used 21074K, committed 21568K, reserved 1048576K
}
Event: 98.091 GC heap before
{Heap before GC invocations=87 (full 0):
 garbage-first heap   total 249856K, used 214786K [0x0000000080000000, 0x0000000100000000)
  region size 1024K, 17 young (17408K), 3 survivors (3072K)
 Metaspace       used 163105K, committed 164096K, reserved 1245184K
  class space    used 21100K, committed 21568K, reserved 1048576K
}
Event: 98.100 GC heap after
{Heap after GC invocations=88 (full 0):
 garbage-first heap   total 249856K, used 203468K [0x0000000080000000, 0x0000000100000000)
  region size 1024K, 3 young (3072K), 3 survivors (3072K)
 Metaspace       used 163105K, committed 164096K, reserved 1245184K
  class space    used 21100K, committed 21568K, reserved 1048576K
}
Event: 99.025 GC heap before
{Heap before GC invocations=88 (full 0):
 garbage-first heap   total 249856K, used 213708K [0x0000000080000000, 0x0000000100000000)
  region size 1024K, 14 young (14336K), 3 survivors (3072K)
 Metaspace       used 163151K, committed 164160K, reserved 1245184K
  class space    used 21100K, committed 21568K, reserved 1048576K
}
Event: 99.041 GC heap after
{Heap after GC invocations=89 (full 0):
 garbage-first heap   total 249856K, used 205727K [0x0000000080000000, 0x0000000100000000)
  region size 1024K, 2 young (2048K), 2 survivors (2048K)
 Metaspace       used 163151K, committed 164160K, reserved 1245184K
  class space    used 21100K, committed 21568K, reserved 1048576K
}
Event: 100.077 GC heap before
{Heap before GC invocations=89 (full 0):
 garbage-first heap   total 249856K, used 216991K [0x0000000080000000, 0x0000000100000000)
  region size 1024K, 13 young (13312K), 2 survivors (2048K)
 Metaspace       used 163229K, committed 164288K, reserved 1245184K
  class space    used 21108K, committed 21632K, reserved 1048576K
}
Event: 100.086 GC heap after
{Heap after GC invocations=90 (full 0):
 garbage-first heap   total 249856K, used 206495K [0x0000000080000000, 0x0000000100000000)
  region size 1024K, 1 young (1024K), 1 survivors (1024K)
 Metaspace       used 163229K, committed 164288K, reserved 1245184K
  class space    used 21108K, committed 21632K, reserved 1048576K
}
Event: 100.416 GC heap before
{Heap before GC invocations=90 (full 0):
 garbage-first heap   total 249856K, used 224927K [0x0000000080000000, 0x0000000100000000)
  region size 1024K, 12 young (12288K), 1 survivors (1024K)
 Metaspace       used 163492K, committed 164544K, reserved 1245184K
  class space    used 21129K, committed 21632K, reserved 1048576K
}
Event: 100.423 GC heap after
{Heap after GC invocations=91 (full 0):
 garbage-first heap   total 249856K, used 207191K [0x0000000080000000, 0x0000000100000000)
  region size 1024K, 2 young (2048K), 2 survivors (2048K)
 Metaspace       used 163492K, committed 164544K, reserved 1245184K
  class space    used 21129K, committed 21632K, reserved 1048576K
}
Event: 100.519 GC heap before
{Heap before GC invocations=91 (full 0):
 garbage-first heap   total 249856K, used 218455K [0x0000000080000000, 0x0000000100000000)
  region size 1024K, 13 young (13312K), 2 survivors (2048K)
 Metaspace       used 163562K, committed 164608K, reserved 1245184K
  class space    used 21135K, committed 21632K, reserved 1048576K
}
Event: 100.526 GC heap after
{Heap after GC invocations=92 (full 0):
 garbage-first heap   total 249856K, used 209380K [0x0000000080000000, 0x0000000100000000)
  region size 1024K, 2 young (2048K), 2 survivors (2048K)
 Metaspace       used 163562K, committed 164608K, reserved 1245184K
  class space    used 21135K, committed 21632K, reserved 1048576K
}
Event: 100.693 GC heap before
{Heap before GC invocations=92 (full 0):
 garbage-first heap   total 249856K, used 218596K [0x0000000080000000, 0x0000000100000000)
  region size 1024K, 12 young (12288K), 2 survivors (2048K)
 Metaspace       used 164228K, committed 165376K, reserved 1245184K
  class space    used 21196K, committed 21760K, reserved 1048576K
}
Event: 100.701 GC heap after
{Heap after GC invocations=93 (full 0):
 garbage-first heap   total 249856K, used 211095K [0x0000000080000000, 0x0000000100000000)
  region size 1024K, 2 young (2048K), 2 survivors (2048K)
 Metaspace       used 164228K, committed 165376K, reserved 1245184K
  class space    used 21196K, committed 21760K, reserved 1048576K
}
Event: 101.071 GC heap before
{Heap before GC invocations=93 (full 0):
 garbage-first heap   total 249856K, used 220311K [0x0000000080000000, 0x0000000100000000)
  region size 1024K, 12 young (12288K), 2 survivors (2048K)
 Metaspace       used 165279K, committed 166400K, reserved 1245184K
  class space    used 21294K, committed 21824K, reserved 1048576K
}
Event: 101.079 GC heap after
{Heap after GC invocations=94 (full 0):
 garbage-first heap   total 249856K, used 211803K [0x0000000080000000, 0x0000000100000000)
  region size 1024K, 1 young (1024K), 1 survivors (1024K)
 Metaspace       used 165279K, committed 166400K, reserved 1245184K
  class space    used 21294K, committed 21824K, reserved 1048576K
}
Event: 101.416 GC heap before
{Heap before GC invocations=94 (full 0):
 garbage-first heap   total 249856K, used 222043K [0x0000000080000000, 0x0000000100000000)
  region size 1024K, 12 young (12288K), 1 survivors (1024K)
 Metaspace       used 166642K, committed 167744K, reserved 1245184K
  class space    used 21433K, committed 21952K, reserved 1048576K
}
Event: 101.424 GC heap after
{Heap after GC invocations=95 (full 0):
 garbage-first heap   total 318464K, used 212616K [0x0000000080000000, 0x0000000100000000)
  region size 1024K, 2 young (2048K), 2 survivors (2048K)
 Metaspace       used 166642K, committed 167744K, reserved 1245184K
  class space    used 21433K, committed 21952K, reserved 1048576K
}
Event: 103.925 GC heap before
{Heap before GC invocations=95 (full 0):
 garbage-first heap   total 318464K, used 263816K [0x0000000080000000, 0x0000000100000000)
  region size 1024K, 53 young (54272K), 2 survivors (2048K)
 Metaspace       used 167130K, committed 168192K, reserved 1245184K
  class space    used 21476K, committed 22016K, reserved 1048576K
}
Event: 103.935 GC heap after
{Heap after GC invocations=96 (full 0):
 garbage-first heap   total 318464K, used 215347K [0x0000000080000000, 0x0000000100000000)
  region size 1024K, 5 young (5120K), 5 survivors (5120K)
 Metaspace       used 167130K, committed 168192K, reserved 1245184K
  class space    used 21476K, committed 22016K, reserved 1048576K
}

