# JRE version: Java(TM) SE Runtime Environment (17.0.10+11) (build 17.0.10+11-LTS-240)
# Java VM: Java HotSpot(TM) 64-Bit Server VM (17.0.10+11-LTS-240, mixed mode, sharing, tiered, compressed oops, compressed class ptrs, g1 gc, windows-amd64)
GC Precious Log:
 CPUs: 4 total, 4 available
 Memory: 12169M
 Large Page Support: Disabled
 NUMA Support: Disabled
 Compressed Oops: Enabled (32-bit)
 Heap Region Size: 1M
 Heap Min Capacity: 8M
 Heap Initial Capacity: 192M
 Heap Max Capacity: 2G
 Pre-touch: Disabled
 Parallel Workers: 4
 Concurrent Workers: 1
 Concurrent Refinement Workers: 4
 Periodic GC: Disabled
Heap:
 garbage-first heap   total 201728K, used 101376K [0x0000000080000000, 0x0000000100000000)
  region size 1024K, 9 young (9216K), 9 survivors (9216K)
 Metaspace       used 108283K, committed 108928K, reserved 1179648K
  class space    used 13899K, committed 14208K, reserved 1048576K
GC Heap History (20 events):
Event: 31.910 GC heap after
{Heap after GC invocations=27 (full 0):
 garbage-first heap   total 159744K, used 82298K [0x0000000080000000, 0x0000000100000000)
  region size 1024K, 8 young (8192K), 8 survivors (8192K)
 Metaspace       used 96610K, committed 97216K, reserved 1179648K
  class space    used 12383K, committed 12672K, reserved 1048576K
}
Event: 34.100 GC heap before
{Heap before GC invocations=27 (full 0):
 garbage-first heap   total 159744K, used 131450K [0x0000000080000000, 0x0000000100000000)
  region size 1024K, 56 young (57344K), 8 survivors (8192K)
 Metaspace       used 101424K, committed 102080K, reserved 1179648K
  class space    used 13052K, committed 13376K, reserved 1048576K
}
Event: 34.121 GC heap after
{Heap after GC invocations=28 (full 0):
 garbage-first heap   total 159744K, used 86995K [0x0000000080000000, 0x0000000100000000)
  region size 1024K, 5 young (5120K), 5 survivors (5120K)
 Metaspace       used 101424K, committed 102080K, reserved 1179648K
  class space    used 13052K, committed 13376K, reserved 1048576K
}
Event: 35.254 GC heap before
{Heap before GC invocations=29 (full 0):
 garbage-first heap   total 159744K, used 131027K [0x0000000080000000, 0x0000000100000000)
  region size 1024K, 48 young (49152K), 5 survivors (5120K)
 Metaspace       used 103602K, committed 104256K, reserved 1179648K
  class space    used 13421K, committed 13760K, reserved 1048576K
}
Event: 35.270 GC heap after
{Heap after GC invocations=30 (full 0):
 garbage-first heap   total 159744K, used 91567K [0x0000000080000000, 0x0000000100000000)
  region size 1024K, 6 young (6144K), 6 survivors (6144K)
 Metaspace       used 103602K, committed 104256K, reserved 1179648K
  class space    used 13421K, committed 13760K, reserved 1048576K
}
Event: 35.272 GC heap before
{Heap before GC invocations=30 (full 0):
 garbage-first heap   total 159744K, used 92591K [0x0000000080000000, 0x0000000100000000)
  region size 1024K, 7 young (7168K), 6 survivors (6144K)
 Metaspace       used 103602K, committed 104256K, reserved 1179648K
  class space    used 13421K, committed 13760K, reserved 1048576K
}
Event: 35.284 GC heap after
{Heap after GC invocations=31 (full 0):
 garbage-first heap   total 192512K, used 88064K [0x0000000080000000, 0x0000000100000000)
  region size 1024K, 1 young (1024K), 1 survivors (1024K)
 Metaspace       used 103602K, committed 104256K, reserved 1179648K
  class space    used 13421K, committed 13760K, reserved 1048576K
}
Event: 37.119 GC heap before
{Heap before GC invocations=31 (full 0):
 garbage-first heap   total 192512K, used 154624K [0x0000000080000000, 0x0000000100000000)
  region size 1024K, 66 young (67584K), 1 survivors (1024K)
 Metaspace       used 105792K, committed 106432K, reserved 1179648K
  class space    used 13641K, committed 13952K, reserved 1048576K
}
Event: 37.132 GC heap after
{Heap after GC invocations=32 (full 0):
 garbage-first heap   total 192512K, used 92550K [0x0000000080000000, 0x0000000100000000)
  region size 1024K, 6 young (6144K), 6 survivors (6144K)
 Metaspace       used 105792K, committed 106432K, reserved 1179648K
  class space    used 13641K, committed 13952K, reserved 1048576K
}
Event: 39.512 GC heap before
{Heap before GC invocations=33 (full 0):
 garbage-first heap   total 192512K, used 150918K [0x0000000080000000, 0x0000000100000000)
  region size 1024K, 67 young (68608K), 6 survivors (6144K)
 Metaspace       used 107686K, committed 108352K, reserved 1179648K
  class space    used 13852K, committed 14144K, reserved 1048576K
}
Event: 39.535 GC heap after
{Heap after GC invocations=34 (full 0):
 garbage-first heap   total 192512K, used 96390K [0x0000000080000000, 0x0000000100000000)
  region size 1024K, 8 young (8192K), 8 survivors (8192K)
 Metaspace       used 107686K, committed 108352K, reserved 1179648K
  class space    used 13852K, committed 14144K, reserved 1048576K
}
Event: 39.547 GC heap before
{Heap before GC invocations=34 (full 0):
 garbage-first heap   total 192512K, used 97414K [0x0000000080000000, 0x0000000100000000)
  region size 1024K, 9 young (9216K), 8 survivors (8192K)
 Metaspace       used 107686K, committed 108352K, reserved 1179648K
  class space    used 13852K, committed 14144K, reserved 1048576K
}
Event: 39.560 GC heap after
{Heap after GC invocations=35 (full 0):
 garbage-first heap   total 192512K, used 93134K [0x0000000080000000, 0x0000000100000000)
  region size 1024K, 2 young (2048K), 2 survivors (2048K)
 Metaspace       used 107686K, committed 108352K, reserved 1179648K
  class space    used 13852K, committed 14144K, reserved 1048576K
}
Event: 41.122 GC heap before
{Heap before GC invocations=35 (full 0):
 garbage-first heap   total 192512K, used 152526K [0x0000000080000000, 0x0000000100000000)
  region size 1024K, 60 young (61440K), 2 survivors (2048K)
 Metaspace       used 108076K, committed 108800K, reserved 1179648K
  class space    used 13878K, committed 14208K, reserved 1048576K
}
Event: 41.131 GC heap after
{Heap after GC invocations=36 (full 0):
 garbage-first heap   total 192512K, used 95619K [0x0000000080000000, 0x0000000100000000)
  region size 1024K, 4 young (4096K), 4 survivors (4096K)
 Metaspace       used 108076K, committed 108800K, reserved 1179648K
  class space    used 13878K, committed 14208K, reserved 1048576K
}
Event: 42.089 GC heap before
{Heap before GC invocations=37 (full 0):
 garbage-first heap   total 192512K, used 153987K [0x0000000080000000, 0x0000000100000000)
  region size 1024K, 62 young (63488K), 4 survivors (4096K)
 Metaspace       used 108090K, committed 108800K, reserved 1179648K
  class space    used 13879K, committed 14208K, reserved 1048576K
}
Event: 42.098 GC heap after
{Heap after GC invocations=38 (full 0):
 garbage-first heap   total 192512K, used 96889K [0x0000000080000000, 0x0000000100000000)
  region size 1024K, 5 young (5120K), 5 survivors (5120K)
 Metaspace       used 108090K, committed 108800K, reserved 1179648K
  class space    used 13879K, committed 14208K, reserved 1048576K
}
Event: 42.147 GC heap before
{Heap before GC invocations=38 (full 0):
 garbage-first heap   total 192512K, used 99961K [0x0000000080000000, 0x0000000100000000)
  region size 1024K, 9 young (9216K), 5 survivors (5120K)
 Metaspace       used 108090K, committed 108800K, reserved 1179648K
  class space    used 13879K, committed 14208K, reserved 1048576K
}
Event: 42.165 GC heap after
{Heap after GC invocations=39 (full 0):
 garbage-first heap   total 192512K, used 84126K [0x0000000080000000, 0x0000000100000000)
  region size 1024K, 2 young (2048K), 2 survivors (2048K)
 Metaspace       used 108090K, committed 108800K, reserved 1179648K
  class space    used 13879K, committed 14208K, reserved 1048576K
}
Event: 42.970 GC heap before
{Heap before GC invocations=39 (full 0):
 garbage-first heap   total 192512K, used 160926K [0x0000000080000000, 0x0000000100000000)
  region size 1024K, 71 young (72704K), 2 survivors (2048K)
 Metaspace       used 108283K, committed 108928K, reserved 1179648K
  class space    used 13899K, committed 14208K, reserved 1048576K
}

